prcs-utils 1.55 Sun, 31 Jan 1999 12:59:57 -0500 by dude
Parent-Version:      1.54
Version-Log:
Bugfixes:
1. `prcs-get-visited-buffers' skips over non-PRCS-controlled files.
2. `prcs-is-prcs-controlled' rethought to better handle exceptional cases.

Project-Description: as above
Project-Keywords:
  PrcsModeVersion    $ProjectVersion: 1.3-release.1 $ on $Date: Tue, 23 Feb 1999 17:56:28 -0800 $

prcs-utils 1.56 Tue, 02 Feb 1999 01:34:53 -0500 by dude
Parent-Version:      1.55
Version-Log:         Added `prcs-info' binding.
Project-Description: as above
Project-Keywords:
  PrcsModeVersion    $ProjectVersion: 1.3-release.1 $ on $Date: Tue, 23 Feb 1999 17:56:28 -0800 $

prcs-utils 1.57 Sat, 06 Feb 1999 12:11:49 -0500 by dude
Parent-Version:      1.56
Version-Log:
Created separate ToDo file, since prcs.el was getting cluttered.
Project-Description: as above
Project-Keywords:
  PrcsModeVersion    $ProjectVersion: 1.3-release.1 $ on $Date: Tue, 23 Feb 1999 17:56:28 -0800 $

prcs-utils jesse.28 Sat, 06 Feb 1999 17:57:04 -0500 by dude
Parent-Version:      1.57
Version-Log:
Implemented process callbacks in preparation for EDiff support.
Project-Description: as above
Project-Keywords:
  PrcsModeVersion    $ProjectVersion: 1.3-release.1 $ on $Date: Tue, 23 Feb 1999 17:56:28 -0800 $

prcs-utils jesse.29 Sat, 06 Feb 1999 18:43:23 -0500 by dude
Parent-Version:      jesse.28
Version-Log:         Gave callback methods state info, just like sentinels.
Project-Description: as above
Project-Keywords:
  PrcsModeVersion    $ProjectVersion: 1.3-release.1 $ on $Date: Tue, 23 Feb 1999 17:56:28 -0800 $

prcs-utils jesse.30 Sun, 07 Feb 1999 11:12:25 -0500 by dude
Parent-Version:      jesse.29
Version-Log:         Untested EDiff code.
Project-Description: as above
Project-Keywords:
  PrcsModeVersion    $ProjectVersion: 1.3-release.1 $ on $Date: Tue, 23 Feb 1999 17:56:28 -0800 $

prcs-utils jesse.31 Sun, 07 Feb 1999 14:11:20 -0500 by dude
Parent-Version:      jesse.30
Version-Log:
Documented EDiff stuff.
Real cleanup functionality, rather safe.

Project-Description: as above
Project-Keywords:
  PrcsModeVersion    $ProjectVersion: 1.3-release.1 $ on $Date: Tue, 23 Feb 1999 17:56:28 -0800 $

prcs-utils 1.58 Sun, 07 Feb 1999 15:03:20 -0500 by dude
Parent-Version:      jesse.31
Version-Log:
`prcs-diff' normally asks whether to use EDiff or not.
More doc on `prcs-diff'.
Requiring EDiff to be loaded when needed.

Project-Description: as above
Project-Keywords:
  PrcsModeVersion    $ProjectVersion: 1.3-release.1 $ on $Date: Tue, 23 Feb 1999 17:56:28 -0800 $

prcs-utils 1.59 Sun, 07 Feb 1999 15:23:03 -0500 by dude
Parent-Version:      1.58
Version-Log:         Doc strings use summary sentence properly.
Project-Description: as above
Project-Keywords:
  PrcsModeVersion    $ProjectVersion: 1.3-release.1 $ on $Date: Tue, 23 Feb 1999 17:56:28 -0800 $

prcs-utils 1.60 Sun, 07 Feb 1999 19:05:45 -0500 by dude
Parent-Version:      1.59
Version-Log:         empty
Project-Description: as above
Project-Keywords:
  PrcsModeVersion    $ProjectVersion: 1.3-release.1 $ on $Date: Tue, 23 Feb 1999 17:56:28 -0800 $
